<?xml version="1.0" encoding="UTF-8"?>
<!-- Generated by org.testng.reporters.JUnitReportReporter -->
<testsuite hostname="LAPTOP-88SF4JDS" failures="0" tests="1" name="tests.DropDownTests" time="0.817" errors="0" timestamp="2021-01-03T15:22:05 CET" skipped="0">
  <testcase classname="tests.DropDownTests" name="testSelectOption" time="0.817"/>
  <system-out/>
</testsuite> <!-- tests.DropDownTests -->
